✅ Отправлено 19 команд

=== ХОД 77 ===
Муравьи: 20 | Счет: 760 | Нектар: 0 | Ресурсы: 20
✅ Отправлено 19 команд

=== ХОД 78 ===
Муравьи: 21 | Счет: 760 | Нектар: 0 | Ресурсы: 18
✅ Отправлено 20 команд

=== ХОД 79 ===
Муравьи: 21 | Счет: 760 | Нектар: 0 | Ресурсы: 20
✅ Отправлено 20 команд

=== ХОД 80 ===
Муравьи: 21 | Счет: 760 | Нектар: 0 | Ресурсы: 21
✅ Отправлено 20 команд

=== ХОД 81 ===
Муравьи: 21 | Счет: 760 | Нектар: 0 | Ресурсы: 19
✅ Отправлено 20 команд

=== ХОД 82 ===
Муравьи: 21 | Счет: 760 | Нектар: 0 | Ресурсы: 21
✅ Отправлено 20 команд

=== ХОД 83 ===
Муравьи: 21 | Счет: 800 | Нектар: 0 | Ресурсы: 18
✅ Отправлено 20 команд
📈 Счет вырос: 760 → 800

=== ХОД 84 ===
Муравьи: 21 | Счет: 800 | Нектар: 0 | Ресурсы: 17
✅ Отправлено 20 команд

=== ХОД 85 ===
Муравьи: 21 | Счет: 800 | Нектар: 0 | Ресурсы: 17
✅ Отправлено 20 команд

=== ХОД 86 ===
Муравьи: 21 | Счет: 960 | Нектар: 0 | Ресурсы: 21
✅ Отправлено 20 команд
📈 Счет вырос: 800 → 960

=== ХОД 87 ===
Муравьи: 21 | Счет: 960 | Нектар: 0 | Ресурсы: 20
✅ Отправлено 20 команд

=== ХОД 88 ===
Муравьи: 21 | Счет: 960 | Нектар: 0 | Ресурсы: 18
✅ Отправлено 20 команд

=== ХОД 89 ===
Муравьи: 21 | Счет: 960 | Нектар: 0 | Ресурсы: 18
⚠️ Проблемы: STAGNATION
✅ Отправлено 20 команд

=== ХОД 90 ===
Муравьи: 21 | Счет: 960 | Нектар: 0 | Ресурсы: 19
⚠️ Проблемы: STAGNATION
✅ Отправлено 20 команд

=== ХОД 91 ===
Муравьи: 21 | Счет: 960 | Нектар: 0 | Ресурсы: 17
⚠️ Проблемы: STAGNATION
✅ Отправлено 19 команд
⚠️ Разрешено 1 конфликтов

=== ХОД 92 ===
Муравьи: 21 | Счет: 960 | Нектар: 0 | Ресурсы: 17
⚠️ Проблемы: STAGNATION
✅ Отправлено 19 команд
⚠️ Разрешено 1 конфликтов

=== ХОД 93 ===
Муравьи: 21 | Счет: 1020 | Нектар: 0 | Ресурсы: 16
⚠️ Проблемы: STAGNATION
✅ Отправлено 19 команд
⚠️ Разрешено 1 конфликтов
📈 Счет вырос: 960 → 1020

=== ХОД 94 ===
Муравьи: 21 | Счет: 1020 | Нектар: 0 | Ресурсы: 15
⚠️ Проблемы: STAGNATION
✅ Отправлено 19 команд
⚠️ Разрешено 1 конфликтов

=== ХОД 95 ===
Муравьи: 21 | Счет: 1020 | Нектар: 0 | Ресурсы: 18
⚠️ Проблемы: STAGNATION
✅ Отправлено 20 команд

=== ХОД 96 ===
Муравьи: 21 | Счет: 1020 | Нектар: 0 | Ресурсы: 18
⚠️ Проблемы: STAGNATION
✅ Отправлено 20 команд

=== ХОД 97 ===
Муравьи: 21 | Счет: 1020 | Нектар: 0 | Ресурсы: 16
⚠️ Проблемы: STAGNATION
✅ Отправлено 20 команд

=== ХОД 98 ===
Муравьи: 21 | Счет: 1020 | Нектар: 0 | Ресурсы: 15
⚠️ Проблемы: STAGNATION
✅ Отправлено 19 команд
⚠️ Разрешено 1 конфликтов

=== ХОД 99 ===
Муравьи: 21 | Счет: 1100 | Нектар: 0 | Ресурсы: 17
⚠️ Проблемы: STAGNATION
✅ Отправлено 18 команд
⚠️ Разрешено 2 конфликтов
📈 Счет вырос: 1020 → 1100

=== ХОД 100 ===
Муравьи: 21 | Счет: 1100 | Нектар: 0 | Ресурсы: 17
⚠️ Проблемы: STAGNATION
✅ Отправлено 18 команд
⚠️ Разрешено 2 конфликтов

=== ХОД 101 ===
Муравьи: 21 | Счет: 1100 | Нектар: 0 | Ресурсы: 17
⚠️ Проблемы: STAGNATION
✅ Отправлено 18 команд
⚠️ Разрешено 2 конфликтов

=== ХОД 102 ===
Муравьи: 21 | Счет: 1100 | Нектар: 0 | Ресурсы: 16
⚠️ Проблемы: STAGNATION
✅ Отправлено 19 команд
⚠️ Разрешено 1 конфликтов

=== ХОД 103 ===
Муравьи: 21 | Счет: 1100 | Нектар: 0 | Ресурсы: 15
⚠️ Проблемы: STAGNATION
✅ Отправлено 19 команд
⚠️ Разрешено 1 конфликтов

=== ХОД 104 ===
Муравьи: 21 | Счет: 1100 | Нектар: 0 | Ресурсы: 18
⚠️ Проблемы: STAGNATION
✅ Отправлено 19 команд
⚠️ Разрешено 1 конфликтов

=== ХОД 105 ===
Муравьи: 20 | Счет: 1100 | Нектар: 0 | Ресурсы: 18
✅ Отправлено 18 команд
⚠️ Разрешено 1 конфликтов

=== ХОД 106 ===
Муравьи: 20 | Счет: 1100 | Нектар: 0 | Ресурсы: 18
✅ Отправлено 18 команд
⚠️ Разрешено 1 конфликтов

=== ХОД 107 ===
Муравьи: 20 | Счет: 1100 | Нектар: 0 | Ресурсы: 18
✅ Отправлено 18 команд
⚠️ Разрешено 1 конфликтов

=== ХОД 108 ===
Муравьи: 20 | Счет: 1100 | Нектар: 0 | Ресурсы: 20
✅ Отправлено 18 команд
⚠️ Разрешено 1 конфликтов

=== ХОД 109 ===
Муравьи: 20 | Счет: 1100 | Нектар: 0 | Ресурсы: 18
✅ Отправлено 18 команд
⚠️ Разрешено 1 конфликтов

=== ХОД 110 ===
Муравьи: 21 | Счет: 1100 | Нектар: 0 | Ресурсы: 18
✅ Отправлено 19 команд
⚠️ Разрешено 1 конфликтов

=== ХОД 111 ===
Муравьи: 21 | Счет: 1100 | Нектар: 0 | Ресурсы: 18
✅ Отправлено 19 команд
⚠️ Разрешено 1 конфликтов

=== ХОД 112 ===
Муравьи: 21 | Счет: 1100 | Нектар: 0 | Ресурсы: 17
✅ Отправлено 20 команд

=== ХОД 113 ===
Муравьи: 21 | Счет: 1100 | Нектар: 0 | Ресурсы: 18
✅ Отправлено 19 команд
⚠️ Разрешено 1 конфликтов

=== ХОД 114 ===
Муравьи: 20 | Счет: 1100 | Нектар: 0 | Ресурсы: 17
✅ Отправлено 19 команд

=== ХОД 115 ===
Муравьи: 20 | Счет: 1100 | Нектар: 0 | Ресурсы: 16
✅ Отправлено 20 команд

=== ХОД 116 ===
Муравьи: 20 | Счет: 1100 | Нектар: 0 | Ресурсы: 15
✅ Отправлено 20 команд

=== ХОД 117 ===
Муравьи: 21 | Счет: 1100 | Нектар: 0 | Ресурсы: 19
✅ Отправлено 21 команд

=== ХОД 118 ===
Муравьи: 21 | Счет: 1100 | Нектар: 0 | Ресурсы: 19
✅ Отправлено 21 команд

=== ХОД 119 ===
Муравьи: 22 | Счет: 1100 | Нектар: 0 | Ресурсы: 20
✅ Отправлено 21 команд
⚠️ Разрешено 1 конфликтов

=== ХОД 120 ===
Муравьи: 22 | Счет: 1100 | Нектар: 0 | Ресурсы: 20
✅ Отправлено 21 команд
⚠️ Разрешено 1 конфликтов

=== ХОД 121 ===
Муравьи: 23 | Счет: 1100 | Нектар: 0 | Ресурсы: 20
✅ Отправлено 23 команд

=== ХОД 122 ===
Муравьи: 23 | Счет: 1100 | Нектар: 0 | Ресурсы: 18
✅ Отправлено 23 команд

=== ХОД 123 ===
Муравьи: 24 | Счет: 1100 | Нектар: 0 | Ресурсы: 19
✅ Отправлено 23 команд

=== ХОД 124 ===
Муравьи: 24 | Счет: 1120 | Нектар: 0 | Ресурсы: 17
✅ Отправлено 22 команд
⚠️ Разрешено 1 конфликтов
📈 Счет вырос: 1100 → 1120

=== ХОД 125 ===
Муравьи: 24 | Счет: 1120 | Нектар: 0 | Ресурсы: 21
✅ Отправлено 21 команд
⚠️ Разрешено 2 конфликтов

=== ХОД 126 ===
Муравьи: 24 | Счет: 1120 | Нектар: 0 | Ресурсы: 21
✅ Отправлено 21 команд
⚠️ Разрешено 2 конфликтов

=== ХОД 127 ===
Муравьи: 24 | Счет: 1120 | Нектар: 0 | Ресурсы: 19
✅ Отправлено 22 команд
⚠️ Разрешено 1 конфликтов

=== ХОД 128 ===
Муравьи: 24 | Счет: 1120 | Нектар: 0 | Ресурсы: 19
✅ Отправлено 22 команд
⚠️ Разрешено 1 конфликтов

=== ХОД 129 ===
Муравьи: 24 | Счет: 1120 | Нектар: 0 | Ресурсы: 18
✅ Отправлено 22 команд
⚠️ Разрешено 1 конфликтов

=== ХОД 130 ===
Муравьи: 25 | Счет: 1120 | Нектар: 0 | Ресурсы: 18
✅ Отправлено 22 команд
⚠️ Разрешено 2 конфликтов

=== ХОД 131 ===
Муравьи: 25 | Счет: 1120 | Нектар: 0 | Ресурсы: 19
✅ Отправлено 21 команд
⚠️ Разрешено 3 конфликтов

=== ХОД 132 ===
Муравьи: 25 | Счет: 1120 | Нектар: 0 | Ресурсы: 18
✅ Отправлено 21 команд
⚠️ Разрешено 3 конфликтов

=== ХОД 133 ===
Муравьи: 25 | Счет: 1120 | Нектар: 0 | Ресурсы: 19
✅ Отправлено 22 команд
⚠️ Разрешено 2 конфликтов

=== ХОД 134 ===
Муравьи: 25 | Счет: 1120 | Нектар: 0 | Ресурсы: 22
✅ Отправлено 22 команд
⚠️ Разрешено 2 конфликтов

=== ХОД 135 ===
Муравьи: 25 | Счет: 1120 | Нектар: 0 | Ресурсы: 22
✅ Отправлено 22 команд
⚠️ Разрешено 2 конфликтов

=== ХОД 136 ===
Муравьи: 25 | Счет: 1120 | Нектар: 0 | Ресурсы: 20
✅ Отправлено 23 команд
⚠️ Разрешено 1 конфликтов

=== ХОД 137 ===
Муравьи: 25 | Счет: 1120 | Нектар: 0 | Ресурсы: 18
✅ Отправлено 23 команд
⚠️ Разрешено 1 конфликтов

=== ХОД 138 ===
Муравьи: 25 | Счет: 1120 | Нектар: 0 | Ресурсы: 18
✅ Отправлено 23 команд
⚠️ Разрешено 1 конфликтов

=== ХОД 139 ===
Муравьи: 25 | Счет: 1120 | Нектар: 0 | Ресурсы: 18
✅ Отправлено 23 команд
⚠️ Разрешено 1 конфликтов

=== ХОД 140 ===
Муравьи: 25 | Счет: 1120 | Нектар: 0 | Ресурсы: 18
✅ Отправлено 23 команд
⚠️ Разрешено 1 конфликтов

=== ХОД 141 ===
Муравьи: 25 | Счет: 1120 | Нектар: 0 | Ресурсы: 18
⚠️ Проблемы: STAGNATION
✅ Отправлено 23 команд
⚠️ Разрешено 1 конфликтов

=== ХОД 142 ===
Муравьи: 25 | Счет: 1120 | Нектар: 0 | Ресурсы: 18
⚠️ Проблемы: STAGNATION
✅ Отправлено 23 команд
⚠️ Разрешено 1 конфликтов

=== ХОД 143 ===
Муравьи: 25 | Счет: 1120 | Нектар: 0 | Ресурсы: 18
⚠️ Проблемы: STAGNATION
✅ Отправлено 23 команд
⚠️ Разрешено 1 конфликтов

=== ХОД 144 ===
Муравьи: 25 | Счет: 1120 | Нектар: 0 | Ресурсы: 18
⚠️ Проблемы: STAGNATION
✅ Отправлено 23 команд
⚠️ Разрешено 1 конфликтов

=== ХОД 145 ===
Муравьи: 25 | Счет: 1120 | Нектар: 0 | Ресурсы: 20
⚠️ Проблемы: STAGNATION
✅ Отправлено 23 команд
⚠️ Разрешено 1 конфликтов

=== ХОД 146 ===
Муравьи: 25 | Счет: 1120 | Нектар: 0 | Ресурсы: 20
⚠️ Проблемы: STAGNATION
✅ Отправлено 23 команд
⚠️ Разрешено 1 конфликтов

=== ХОД 147 ===
Муравьи: 25 | Счет: 1120 | Нектар: 0 | Ресурсы: 22
⚠️ Проблемы: STAGNATION
✅ Отправлено 22 команд
⚠️ Разрешено 2 конфликтов

=== ХОД 148 ===
Муравьи: 25 | Счет: 1120 | Нектар: 0 | Ресурсы: 20
⚠️ Проблемы: STAGNATION
✅ Отправлено 22 команд
⚠️ Разрешено 2 конфликтов

=== ХОД 149 ===
Муравьи: 25 | Счет: 1120 | Нектар: 0 | Ресурсы: 20
⚠️ Проблемы: STAGNATION
✅ Отправлено 23 команд
⚠️ Разрешено 1 конфликтов

=== ХОД 150 ===
Муравьи: 24 | Счет: 1120 | Нектар: 0 | Ресурсы: 18
✅ Отправлено 23 команд
⚠️ Разрешено 1 конфликтов

=== ХОД 151 ===
Муравьи: 24 | Счет: 1120 | Нектар: 0 | Ресурсы: 18
✅ Отправлено 23 команд
⚠️ Разрешено 1 конфликтов

=== ХОД 152 ===
Муравьи: 24 | Счет: 1120 | Нектар: 0 | Ресурсы: 18
✅ Отправлено 23 команд
⚠️ Разрешено 1 конфликтов

=== ХОД 153 ===
Муравьи: 24 | Счет: 1120 | Нектар: 0 | Ресурсы: 19
✅ Отправлено 23 команд
⚠️ Разрешено 1 конфликтов

=== ХОД 154 ===
Муравьи: 23 | Счет: 1120 | Нектар: 0 | Ресурсы: 18
✅ Отправлено 22 команд
⚠️ Разрешено 1 конфликтов

=== ХОД 155 ===
Муравьи: 23 | Счет: 1120 | Нектар: 0 | Ресурсы: 19
✅ Отправлено 22 команд
⚠️ Разрешено 1 конфликтов

=== ХОД 156 ===
Муравьи: 23 | Счет: 1120 | Нектар: 0 | Ресурсы: 19
✅ Отправлено 22 команд
⚠️ Разрешено 1 конфликтов

=== ХОД 157 ===
Муравьи: 23 | Счет: 1120 | Нектар: 0 | Ресурсы: 17
✅ Отправлено 22 команд
⚠️ Разрешено 1 конфликтов

=== ХОД 158 ===
Муравьи: 23 | Счет: 1120 | Нектар: 0 | Ресурсы: 17
✅ Отправлено 22 команд
⚠️ Разрешено 1 конфликтов

=== ХОД 159 ===
Муравьи: 23 | Счет: 1120 | Нектар: 0 | Ресурсы: 19
✅ Отправлено 22 команд
⚠️ Разрешено 1 конфликтов

=== ХОД 160 ===
Муравьи: 22 | Счет: 1120 | Нектар: 0 | Ресурсы: 17
✅ Отправлено 22 команд
⚠️ Разрешено 1 конфликтов

=== ХОД 161 ===
Муравьи: 22 | Счет: 1120 | Нектар: 0 | Ресурсы: 19
✅ Отправлено 22 команд
⚠️ Разрешено 1 конфликтов

=== ХОД 162 ===
Муравьи: 22 | Счет: 1120 | Нектар: 0 | Ресурсы: 18
✅ Отправлено 22 команд
⚠️ Разрешено 1 конфликтов

=== ХОД 163 ===
Муравьи: 22 | Счет: 1120 | Нектар: 0 | Ресурсы: 18
✅ Отправлено 22 команд
⚠️ Разрешено 1 конфликтов

=== ХОД 164 ===
Муравьи: 22 | Счет: 1120 | Нектар: 0 | Ресурсы: 18
✅ Отправлено 22 команд
⚠️ Разрешено 1 конфликтов

=== ХОД 165 ===
Муравьи: 22 | Счет: 1200 | Нектар: 0 | Ресурсы: 20
✅ Отправлено 22 команд
⚠️ Разрешено 1 конфликтов
📈 Счет вырос: 1120 → 1200

=== ХОД 166 ===
Муравьи: 20 | Счет: 1200 | Нектар: 0 | Ресурсы: 16
✅ Отправлено 21 команд

=== ХОД 167 ===
Муравьи: 20 | Счет: 1200 | Нектар: 0 | Ресурсы: 16
✅ Отправлено 21 команд

=== ХОД 168 ===
Муравьи: 20 | Счет: 1200 | Нектар: 0 | Ресурсы: 17
✅ Отправлено 21 команд

=== ХОД 169 ===
Муравьи: 20 | Счет: 1200 | Нектар: 0 | Ресурсы: 17
✅ Отправлено 21 команд

=== ХОД 170 ===
Муравьи: 20 | Счет: 1200 | Нектар: 0 | Ресурсы: 17
✅ Отправлено 21 команд

=== ХОД 171 ===
Муравьи: 20 | Счет: 1200 | Нектар: 0 | Ресурсы: 17
✅ Отправлено 21 команд

=== ХОД 172 ===
Муравьи: 20 | Счет: 1200 | Нектар: 0 | Ресурсы: 17
✅ Отправлено 21 команд

=== ХОД 173 ===
Муравьи: 21 | Счет: 1200 | Нектар: 0 | Ресурсы: 18
✅ Отправлено 21 команд

=== ХОД 174 ===
Муравьи: 21 | Счет: 1200 | Нектар: 0 | Ресурсы: 18
✅ Отправлено 21 команд

=== ХОД 175 ===
Муравьи: 22 | Счет: 1230 | Нектар: 0 | Ресурсы: 18
✅ Отправлено 22 команд
📈 Счет вырос: 1200 → 1230

=== ХОД 176 ===
Муравьи: 23 | Счет: 1230 | Нектар: 0 | Ресурсы: 18
✅ Отправлено 21 команд
⚠️ Разрешено 1 конфликтов

=== ХОД 177 ===
Муравьи: 23 | Счет: 1280 | Нектар: 0 | Ресурсы: 18
✅ Отправлено 21 команд
⚠️ Разрешено 1 конфликтов
📈 Счет вырос: 1230 → 1280

=== ХОД 178 ===
Муравьи: 23 | Счет: 1280 | Нектар: 0 | Ресурсы: 17
✅ Отправлено 21 команд
⚠️ Разрешено 1 конфликтов

=== ХОД 179 ===
Муравьи: 24 | Счет: 1280 | Нектар: 0 | Ресурсы: 17
✅ Отправлено 22 команд

=== ХОД 180 ===
Муравьи: 25 | Счет: 1280 | Нектар: 0 | Ресурсы: 17
✅ Отправлено 23 команд

=== ХОД 181 ===
Муравьи: 25 | Счет: 1280 | Нектар: 0 | Ресурсы: 16
✅ Отправлено 21 команд
⚠️ Разрешено 2 конфликтов

=== ХОД 182 ===
Муравьи: 25 | Счет: 1280 | Нектар: 0 | Ресурсы: 16
✅ Отправлено 21 команд
⚠️ Разрешено 2 конфликтов

=== ХОД 183 ===
Муравьи: 25 | Счет: 1280 | Нектар: 0 | Ресурсы: 16
✅ Отправлено 22 команд
⚠️ Разрешено 1 конфликтов

=== ХОД 184 ===
Муравьи: 25 | Счет: 1280 | Нектар: 0 | Ресурсы: 16
✅ Отправлено 22 команд
⚠️ Разрешено 1 конфликтов

=== ХОД 185 ===
Муравьи: 26 | Счет: 1280 | Нектар: 0 | Ресурсы: 16
✅ Отправлено 23 команд
⚠️ Разрешено 1 конфликтов

=== ХОД 186 ===
Муравьи: 26 | Счет: 1280 | Нектар: 0 | Ресурсы: 17
✅ Отправлено 23 команд
⚠️ Разрешено 1 конфликтов

=== ХОД 187 ===
Муравьи: 27 | Счет: 1280 | Нектар: 0 | Ресурсы: 21
✅ Отправлено 24 команд
⚠️ Разрешено 1 конфликтов

=== ХОД 188 ===
Муравьи: 27 | Счет: 1280 | Нектар: 0 | Ресурсы: 22
✅ Отправлено 23 команд
⚠️ Разрешено 2 конфликтов

=== ХОД 189 ===
Муравьи: 27 | Счет: 1280 | Нектар: 0 | Ресурсы: 21
✅ Отправлено 25 команд

=== ХОД 190 ===
Муравьи: 27 | Счет: 1280 | Нектар: 0 | Ресурсы: 21
✅ Отправлено 25 команд

=== ХОД 191 ===
Муравьи: 27 | Счет: 1280 | Нектар: 0 | Ресурсы: 18
✅ Отправлено 24 команд
⚠️ Разрешено 1 конфликтов

=== ХОД 192 ===
Муравьи: 27 | Счет: 1280 | Нектар: 0 | Ресурсы: 18
✅ Отправлено 24 команд
⚠️ Разрешено 1 конфликтов

=== ХОД 193 ===
Муравьи: 27 | Счет: 1280 | Нектар: 0 | Ресурсы: 20
✅ Отправлено 24 команд
⚠️ Разрешено 1 конфликтов

=== ХОД 194 ===
Муравьи: 27 | Счет: 1280 | Нектар: 0 | Ресурсы: 20
✅ Отправлено 25 команд

=== ХОД 195 ===
Муравьи: 27 | Счет: 1280 | Нектар: 0 | Ресурсы: 19
✅ Отправлено 25 команд

=== ХОД 196 ===
Муравьи: 27 | Счет: 1280 | Нектар: 0 | Ресурсы: 17
✅ Отправлено 23 команд
⚠️ Разрешено 2 конфликтов

=== ХОД 197 ===
Муравьи: 27 | Счет: 1280 | Нектар: 0 | Ресурсы: 17
✅ Отправлено 24 команд
⚠️ Разрешено 1 конфликтов

=== ХОД 198 ===
Муравьи: 26 | Счет: 1340 | Нектар: 0 | Ресурсы: 18
✅ Отправлено 25 команд
📈 Счет вырос: 1280 → 1340

=== ХОД 199 ===
Муравьи: 27 | Счет: 1340 | Нектар: 0 | Ресурсы: 18
✅ Отправлено 25 команд

=== ХОД 200 ===
Муравьи: 27 | Счет: 1340 | Нектар: 0 | Ресурсы: 18
✅ Отправлено 25 команд

=== ХОД 201 ===
Муравьи: 28 | Счет: 1340 | Нектар: 0 | Ресурсы: 16
✅ Отправлено 24 команд
⚠️ Разрешено 2 конфликтов

=== ХОД 202 ===
Муравьи: 28 | Счет: 1340 | Нектар: 0 | Ресурсы: 16
✅ Отправлено 25 команд
⚠️ Разрешено 1 конфликтов

=== ХОД 203 ===
Муравьи: 28 | Счет: 1340 | Нектар: 0 | Ресурсы: 16
✅ Отправлено 25 команд
⚠️ Разрешено 1 конфликтов

=== ХОД 204 ===
Муравьи: 27 | Счет: 1380 | Нектар: 0 | Ресурсы: 16
✅ Отправлено 23 команд
⚠️ Разрешено 2 конфликтов
📈 Счет вырос: 1340 → 1380

=== ХОД 205 ===
Муравьи: 27 | Счет: 1380 | Нектар: 0 | Ресурсы: 16
✅ Отправлено 23 команд
⚠️ Разрешено 2 конфликтов

=== ХОД 206 ===
Муравьи: 27 | Счет: 1380 | Нектар: 0 | Ресурсы: 19
✅ Отправлено 24 команд
⚠️ Разрешено 1 конфликтов

=== ХОД 207 ===
Муравьи: 28 | Счет: 1380 | Нектар: 0 | Ресурсы: 21
✅ Отправлено 25 команд
⚠️ Разрешено 1 конфликтов

=== ХОД 208 ===
Муравьи: 28 | Счет: 1380 | Нектар: 0 | Ресурсы: 24
✅ Отправлено 24 команд
⚠️ Разрешено 2 конфликтов

=== ХОД 209 ===
Муравьи: 28 | Счет: 1380 | Нектар: 0 | Ресурсы: 24
✅ Отправлено 24 команд
⚠️ Разрешено 2 конфликтов

=== ХОД 210 ===
Муравьи: 28 | Счет: 1380 | Нектар: 0 | Ресурсы: 25
✅ Отправлено 23 команд
⚠️ Разрешено 3 конфликтов

=== ХОД 211 ===
Муравьи: 29 | Счет: 1380 | Нектар: 0 | Ресурсы: 26
✅ Отправлено 25 команд
⚠️ Разрешено 2 конфликтов

=== ХОД 212 ===
Муравьи: 29 | Счет: 1380 | Нектар: 0 | Ресурсы: 25
✅ Отправлено 25 команд
⚠️ Разрешено 2 конфликтов

=== ХОД 213 ===
Муравьи: 29 | Счет: 1380 | Нектар: 0 | Ресурсы: 24
✅ Отправлено 25 команд
⚠️ Разрешено 2 конфликтов

=== ХОД 214 ===
Муравьи: 29 | Счет: 1380 | Нектар: 0 | Ресурсы: 21
✅ Отправлено 25 команд
⚠️ Разрешено 2 конфликтов

=== ХОД 215 ===
Муравьи: 29 | Счет: 1380 | Нектар: 0 | Ресурсы: 19
✅ Отправлено 25 команд
⚠️ Разрешено 2 конфликтов

=== ХОД 216 ===
Муравьи: 29 | Счет: 1380 | Нектар: 0 | Ресурсы: 20
✅ Отправлено 26 команд
⚠️ Разрешено 1 конфликтов

=== ХОД 217 ===
Муравьи: 29 | Счет: 1380 | Нектар: 0 | Ресурсы: 19
✅ Отправлено 26 команд
⚠️ Разрешено 1 конфликтов

=== ХОД 218 ===
Муравьи: 29 | Счет: 1380 | Нектар: 0 | Ресурсы: 18
✅ Отправлено 26 команд
⚠️ Разрешено 1 конфликтов

=== ХОД 219 ===
Муравьи: 29 | Счет: 1380 | Нектар: 0 | Ресурсы: 18
✅ Отправлено 26 команд
⚠️ Разрешено 1 конфликтов

=== ХОД 220 ===
Муравьи: 29 | Счет: 1380 | Нектар: 0 | Ресурсы: 18
✅ Отправлено 25 команд
⚠️ Разрешено 2 конфликтов

=== ХОД 221 ===
Муравьи: 29 | Счет: 1380 | Нектар: 0 | Ресурсы: 17
✅ Отправлено 26 команд
⚠️ Разрешено 1 конфликтов

=== ХОД 222 ===
Муравьи: 28 | Счет: 1380 | Нектар: 0 | Ресурсы: 16
✅ Отправлено 26 команд
⚠️ Разрешено 1 конфликтов

=== ХОД 223 ===
Муравьи: 29 | Счет: 1380 | Нектар: 0 | Ресурсы: 18
✅ Отправлено 25 команд
⚠️ Разрешено 2 конфликтов

=== ХОД 224 ===
Муравьи: 29 | Счет: 1380 | Нектар: 0 | Ресурсы: 18
✅ Отправлено 26 команд
⚠️ Разрешено 1 конфликтов

=== ХОД 225 ===
Муравьи: 29 | Счет: 1380 | Нектар: 0 | Ресурсы: 20
✅ Отправлено 25 команд
⚠️ Разрешено 2 конфликтов

=== ХОД 226 ===
Муравьи: 29 | Счет: 1380 | Нектар: 0 | Ресурсы: 19
✅ Отправлено 26 команд
⚠️ Разрешено 1 конфликтов

=== ХОД 227 ===
Муравьи: 29 | Счет: 1380 | Нектар: 0 | Ресурсы: 19
✅ Отправлено 26 команд
⚠️ Разрешено 1 конфликтов

=== ХОД 228 ===
Муравьи: 29 | Счет: 1380 | Нектар: 0 | Ресурсы: 18
✅ Отправлено 26 команд
⚠️ Разрешено 1 конфликтов

=== ХОД 229 ===
Муравьи: 28 | Счет: 1380 | Нектар: 0 | Ресурсы: 18
✅ Отправлено 25 команд
⚠️ Разрешено 2 конфликтов

=== ХОД 230 ===
Муравьи: 27 | Счет: 1460 | Нектар: 0 | Ресурсы: 17
✅ Отправлено 26 команд
⚠️ Разрешено 1 конфликтов
📈 Счет вырос: 1380 → 1460

=== ХОД 231 ===
Муравьи: 27 | Счет: 1460 | Нектар: 0 | Ресурсы: 19
✅ Отправлено 25 команд
⚠️ Разрешено 2 конфликтов

=== ХОД 232 ===
Муравьи: 27 | Счет: 1460 | Нектар: 0 | Ресурсы: 19
✅ Отправлено 26 команд
⚠️ Разрешено 1 конфликтов

=== ХОД 233 ===
Муравьи: 27 | Счет: 1460 | Нектар: 0 | Ресурсы: 17
✅ Отправлено 27 команд

=== ХОД 234 ===
Муравьи: 28 | Счет: 1460 | Нектар: 0 | Ресурсы: 15
✅ Отправлено 27 команд
⚠️ Разрешено 1 конфликтов

=== ХОД 235 ===
Муравьи: 28 | Счет: 1460 | Нектар: 0 | Ресурсы: 15
✅ Отправлено 27 команд
⚠️ Разрешено 1 конфликтов

=== ХОД 236 ===
Муравьи: 28 | Счет: 1460 | Нектар: 0 | Ресурсы: 14
✅ Отправлено 27 команд
⚠️ Разрешено 1 конфликтов

=== ХОД 237 ===
Муравьи: 28 | Счет: 1460 | Нектар: 0 | Ресурсы: 14
✅ Отправлено 27 команд
⚠️ Разрешено 1 конфликтов

=== ХОД 238 ===
Муравьи: 28 | Счет: 1460 | Нектар: 0 | Ресурсы: 14
✅ Отправлено 27 команд
⚠️ Разрешено 1 конфликтов

=== ХОД 239 ===
Муравьи: 29 | Счет: 1460 | Нектар: 0 | Ресурсы: 14
✅ Отправлено 28 команд
⚠️ Разрешено 1 конфликтов

=== ХОД 240 ===
Муравьи: 29 | Счет: 1460 | Нектар: 0 | Ресурсы: 14
✅ Отправлено 28 команд
⚠️ Разрешено 1 конфликтов

=== ХОД 241 ===
Муравьи: 29 | Счет: 1460 | Нектар: 0 | Ресурсы: 14
✅ Отправлено 28 команд
⚠️ Разрешено 1 конфликтов

=== ХОД 242 ===
Муравьи: 29 | Счет: 1460 | Нектар: 0 | Ресурсы: 14
✅ Отправлено 28 команд
⚠️ Разрешено 1 конфликтов

=== ХОД 243 ===
Муравьи: 29 | Счет: 1460 | Нектар: 0 | Ресурсы: 14
✅ Отправлено 28 команд
⚠️ Разрешено 1 конфликтов

=== ХОД 244 ===
Муравьи: 29 | Счет: 1480 | Нектар: 0 | Ресурсы: 14
✅ Отправлено 27 команд
⚠️ Разрешено 2 конфликтов
📈 Счет вырос: 1460 → 1480

=== ХОД 245 ===
Муравьи: 29 | Счет: 1480 | Нектар: 0 | Ресурсы: 14
✅ Отправлено 27 команд
⚠️ Разрешено 2 конфликтов

=== ХОД 246 ===
Муравьи: 29 | Счет: 1480 | Нектар: 0 | Ресурсы: 14
✅ Отправлено 28 команд
⚠️ Разрешено 1 конфликтов

=== ХОД 247 ===
Муравьи: 28 | Счет: 1480 | Нектар: 0 | Ресурсы: 15
✅ Отправлено 27 команд
⚠️ Разрешено 1 конфликтов

=== ХОД 248 ===
Муравьи: 28 | Счет: 1480 | Нектар: 0 | Ресурсы: 15
✅ Отправлено 27 команд
⚠️ Разрешено 1 конфликтов

=== ХОД 249 ===
Муравьи: 29 | Счет: 1480 | Нектар: 0 | Ресурсы: 16
✅ Отправлено 26 команд
⚠️ Разрешено 2 конфликтов

=== ХОД 250 ===
Муравьи: 29 | Счет: 1480 | Нектар: 0 | Ресурсы: 16
✅ Отправлено 27 команд
⚠️ Разрешено 1 конфликтов

=== ХОД 251 ===
Муравьи: 29 | Счет: 1480 | Нектар: 0 | Ресурсы: 15
✅ Отправлено 27 команд
⚠️ Разрешено 1 конфликтов

=== ХОД 252 ===
Муравьи: 29 | Счет: 1480 | Нектар: 0 | Ресурсы: 15
✅ Отправлено 27 команд
⚠️ Разрешено 1 конфликтов

=== ХОД 253 ===
Муравьи: 28 | Счет: 1480 | Нектар: 0 | Ресурсы: 14
✅ Отправлено 27 команд
⚠️ Разрешено 1 конфликтов

=== ХОД 254 ===
Муравьи: 28 | Счет: 1480 | Нектар: 0 | Ресурсы: 14
✅ Отправлено 27 команд
⚠️ Разрешено 1 конфликтов

=== ХОД 255 ===
Муравьи: 28 | Счет: 1480 | Нектар: 0 | Ресурсы: 14
✅ Отправлено 27 команд
⚠️ Разрешено 1 конфликтов

=== ХОД 256 ===
Муравьи: 28 | Счет: 1480 | Нектар: 0 | Ресурсы: 14
✅ Отправлено 27 команд
⚠️ Разрешено 1 конфликтов

=== ХОД 257 ===
Муравьи: 27 | Счет: 1480 | Нектар: 0 | Ресурсы: 14
✅ Отправлено 26 команд
⚠️ Разрешено 2 конфликтов

=== ХОД 258 ===
Муравьи: 27 | Счет: 1480 | Нектар: 0 | Ресурсы: 14
✅ Отправлено 27 команд
⚠️ Разрешено 1 конфликтов

=== ХОД 259 ===
Муравьи: 27 | Счет: 1480 | Нектар: 0 | Ресурсы: 14
✅ Отправлено 27 команд
⚠️ Разрешено 1 конфликтов

=== ХОД 260 ===
Муравьи: 28 | Счет: 1480 | Нектар: 0 | Ресурсы: 14
✅ Отправлено 27 команд
⚠️ Разрешено 1 конфликтов

=== ХОД 261 ===
Муравьи: 28 | Счет: 1480 | Нектар: 0 | Ресурсы: 14
✅ Отправлено 27 команд
⚠️ Разрешено 1 конфликтов

=== ХОД 262 ===
Муравьи: 28 | Счет: 1480 | Нектар: 0 | Ресурсы: 14
✅ Отправлено 27 команд
⚠️ Разрешено 1 конфликтов

=== ХОД 263 ===
Муравьи: 28 | Счет: 1480 | Нектар: 0 | Ресурсы: 14
✅ Отправлено 26 команд
⚠️ Разрешено 2 конфликтов

=== ХОД 264 ===
Муравьи: 28 | Счет: 1480 | Нектар: 0 | Ресурсы: 14
✅ Отправлено 27 команд
⚠️ Разрешено 1 конфликтов

=== ХОД 265 ===
Муравьи: 28 | Счет: 1480 | Нектар: 0 | Ресурсы: 14
✅ Отправлено 27 команд
⚠️ Разрешено 1 конфликтов

=== ХОД 266 ===
Муравьи: 28 | Счет: 1480 | Нектар: 0 | Ресурсы: 14
✅ Отправлено 27 команд
⚠️ Разрешено 1 конфликтов

=== ХОД 267 ===
Муравьи: 28 | Счет: 1480 | Нектар: 0 | Ресурсы: 14
✅ Отправлено 27 команд
⚠️ Разрешено 1 конфликтов

=== ХОД 268 ===
Муравьи: 28 | Счет: 1480 | Нектар: 0 | Ресурсы: 14
✅ Отправлено 26 команд
⚠️ Разрешено 2 конфликтов

=== ХОД 269 ===
Муравьи: 28 | Счет: 1480 | Нектар: 0 | Ресурсы: 14
✅ Отправлено 27 команд
⚠️ Разрешено 1 конфликтов

=== ХОД 270 ===
Муравьи: 28 | Счет: 1480 | Нектар: 0 | Ресурсы: 14
✅ Отправлено 27 команд
⚠️ Разрешено 1 конфликтов

=== ХОД 271 ===
Муравьи: 28 | Счет: 1480 | Нектар: 0 | Ресурсы: 14
⚠️ Проблемы: STAGNATION
✅ Отправлено 27 команд
⚠️ Разрешено 1 конфликтов

=== ХОД 272 ===
Муравьи: 28 | Счет: 1480 | Нектар: 0 | Ресурсы: 15
⚠️ Проблемы: STAGNATION
✅ Отправлено 27 команд
⚠️ Разрешено 1 конфликтов

=== ХОД 273 ===
Муравьи: 28 | Счет: 1480 | Нектар: 0 | Ресурсы: 15
⚠️ Проблемы: STAGNATION
✅ Отправлено 27 команд
⚠️ Разрешено 1 конфликтов

=== ХОД 274 ===
Муравьи: 29 | Счет: 1480 | Нектар: 0 | Ресурсы: 15
✅ Отправлено 27 команд
⚠️ Разрешено 1 конфликтов

=== ХОД 275 ===
Муравьи: 29 | Счет: 1480 | Нектар: 0 | Ресурсы: 14
✅ Отправлено 27 команд
⚠️ Разрешено 1 конфликтов

=== ХОД 276 ===
Муравьи: 30 | Счет: 1480 | Нектар: 0 | Ресурсы: 14
✅ Отправлено 27 команд
⚠️ Разрешено 2 конфликтов